0 verbose cli C:\Program Files\nodejs\node.exe C:\Program Files\nodejs\node_modules\npm\bin\npm-cli.js
1 info using npm@11.6.2
2 info using node@v24.11.1
3 silly config load:file:C:\Program Files\nodejs\node_modules\npm\npmrc
4 silly config load:file:C:\Users\Juan David\TiendaVirtual\tiendaVirtual\.npmrc
5 silly config load:file:C:\Users\Juan David\.npmrc
6 silly config load:file:C:\Users\Juan David\AppData\Roaming\npm\etc\npmrc
7 verbose title npm install react-icons
8 verbose argv "install" "react-icons"
9 verbose logfile logs-max:10 dir:C:\Users\Juan David\TiendaVirtual\tiendaVirtual\%USERPROFILE%\AppData\Local\npm-cache\_logs\2025-12-22T19_30_08_923Z-
10 verbose logfile C:\Users\Juan David\TiendaVirtual\tiendaVirtual\%USERPROFILE%\AppData\Local\npm-cache\_logs\2025-12-22T19_30_08_923Z-debug-0.log
11 silly logfile done cleaning log files
12 silly packumentCache heap:2348810240 maxSize:587202560 maxEntrySize:293601280
13 silly idealTree buildDeps
14 silly fetch manifest react-icons@*
15 silly packumentCache full:https://registry.npmjs.org/react-icons cache-miss
16 http fetch GET 200 https://registry.npmjs.org/react-icons 689ms (cache miss)
17 silly packumentCache full:https://registry.npmjs.org/react-icons set size:undefined disposed:false
18 silly fetch manifest react@^19.2.1
19 silly packumentCache full:https://registry.npmjs.org/react cache-miss
20 http fetch GET 200 https://registry.npmjs.org/react 336ms (cache miss)
21 silly packumentCache full:https://registry.npmjs.org/react set size:undefined disposed:false
22 silly placeDep ROOT react-icons@5.5.0 OK for: tiendavirtual@0.0.0 want: *
23 silly reify moves {}
24 silly audit bulk request {
24 silly audit   '@babel/code-frame': [ '7.27.1' ],
24 silly audit   '@babel/compat-data': [ '7.28.5' ],
24 silly audit   '@babel/core': [ '7.28.5' ],
24 silly audit   '@babel/generator': [ '7.28.5' ],
24 silly audit   '@babel/helper-compilation-targets': [ '7.27.2' ],
24 silly audit   '@babel/helper-globals': [ '7.28.0' ],
24 silly audit   '@babel/helper-module-imports': [ '7.27.1' ],
24 silly audit   '@babel/helper-module-transforms': [ '7.28.3' ],
24 silly audit   '@babel/helper-plugin-utils': [ '7.27.1' ],
24 silly audit   '@babel/helper-string-parser': [ '7.27.1' ],
24 silly audit   '@babel/helper-validator-identifier': [ '7.28.5' ],
24 silly audit   '@babel/helper-validator-option': [ '7.27.1' ],
24 silly audit   '@babel/helpers': [ '7.28.4' ],
24 silly audit   '@babel/parser': [ '7.28.5' ],
24 silly audit   '@babel/plugin-transform-react-jsx-self': [ '7.27.1' ],
24 silly audit   '@babel/plugin-transform-react-jsx-source': [ '7.27.1' ],
24 silly audit   '@babel/template': [ '7.27.2' ],
24 silly audit   '@babel/traverse': [ '7.28.5' ],
24 silly audit   '@babel/types': [ '7.28.5' ],
24 silly audit   '@esbuild/aix-ppc64': [ '0.25.12' ],
24 silly audit   '@esbuild/android-arm': [ '0.25.12' ],
24 silly audit   '@esbuild/android-arm64': [ '0.25.12' ],
24 silly audit   '@esbuild/android-x64': [ '0.25.12' ],
24 silly audit   '@esbuild/darwin-arm64': [ '0.25.12' ],
24 silly audit   '@esbuild/darwin-x64': [ '0.25.12' ],
24 silly audit   '@esbuild/freebsd-arm64': [ '0.25.12' ],
24 silly audit   '@esbuild/freebsd-x64': [ '0.25.12' ],
24 silly audit   '@esbuild/linux-arm': [ '0.25.12' ],
24 silly audit   '@esbuild/linux-arm64': [ '0.25.12' ],
24 silly audit   '@esbuild/linux-ia32': [ '0.25.12' ],
24 silly audit   '@esbuild/linux-loong64': [ '0.25.12' ],
24 silly audit   '@esbuild/linux-mips64el': [ '0.25.12' ],
24 silly audit   '@esbuild/linux-ppc64': [ '0.25.12' ],
24 silly audit   '@esbuild/linux-riscv64': [ '0.25.12' ],
24 silly audit   '@esbuild/linux-s390x': [ '0.25.12' ],
24 silly audit   '@esbuild/linux-x64': [ '0.25.12' ],
24 silly audit   '@esbuild/netbsd-arm64': [ '0.25.12' ],
24 silly audit   '@esbuild/netbsd-x64': [ '0.25.12' ],
24 silly audit   '@esbuild/openbsd-arm64': [ '0.25.12' ],
24 silly audit   '@esbuild/openbsd-x64': [ '0.25.12' ],
24 silly audit   '@esbuild/openharmony-arm64': [ '0.25.12' ],
24 silly audit   '@esbuild/sunos-x64': [ '0.25.12' ],
24 silly audit   '@esbuild/win32-arm64': [ '0.25.12' ],
24 silly audit   '@esbuild/win32-ia32': [ '0.25.12' ],
24 silly audit   '@esbuild/win32-x64': [ '0.25.12' ],
24 silly audit   '@eslint-community/eslint-utils': [ '4.9.0' ],
24 silly audit   'eslint-visitor-keys': [ '3.4.3', '4.2.1' ],
24 silly audit   '@eslint-community/regexpp': [ '4.12.2' ],
24 silly audit   '@eslint/config-array': [ '0.21.1' ],
24 silly audit   '@eslint/config-helpers': [ '0.4.2' ],
24 silly audit   '@eslint/core': [ '0.17.0' ],
24 silly audit   '@eslint/eslintrc': [ '3.3.3' ],
24 silly audit   globals: [ '14.0.0', '16.5.0' ],
24 silly audit   '@eslint/js': [ '9.39.1' ],
24 silly audit   '@eslint/object-schema': [ '2.1.7' ],
24 silly audit   '@eslint/plugin-kit': [ '0.4.1' ],
24 silly audit   '@humanfs/core': [ '0.19.1' ],
24 silly audit   '@humanfs/node': [ '0.16.7' ],
24 silly audit   '@humanwhocodes/module-importer': [ '1.0.1' ],
24 silly audit   '@humanwhocodes/retry': [ '0.4.3' ],
24 silly audit   '@jridgewell/gen-mapping': [ '0.3.13' ],
24 silly audit   '@jridgewell/remapping': [ '2.3.5' ],
24 silly audit   '@jridgewell/resolve-uri': [ '3.1.2' ],
24 silly audit   '@jridgewell/sourcemap-codec': [ '1.5.5' ],
24 silly audit   '@jridgewell/trace-mapping': [ '0.3.31' ],
24 silly audit   '@rolldown/pluginutils': [ '1.0.0-beta.47' ],
24 silly audit   '@rollup/rollup-android-arm-eabi': [ '4.53.3' ],
24 silly audit   '@rollup/rollup-android-arm64': [ '4.53.3' ],
24 silly audit   '@rollup/rollup-darwin-arm64': [ '4.53.3' ],
24 silly audit   '@rollup/rollup-darwin-x64': [ '4.53.3' ],
24 silly audit   '@rollup/rollup-freebsd-arm64': [ '4.53.3' ],
24 silly audit   '@rollup/rollup-freebsd-x64': [ '4.53.3' ],
24 silly audit   '@rollup/rollup-linux-arm-gnueabihf': [ '4.53.3' ],
24 silly audit   '@rollup/rollup-linux-arm-musleabihf': [ '4.53.3' ],
24 silly audit   '@rollup/rollup-linux-arm64-gnu': [ '4.53.3' ],
24 silly audit   '@rollup/rollup-linux-arm64-musl': [ '4.53.3' ],
24 silly audit   '@rollup/rollup-linux-loong64-gnu': [ '4.53.3' ],
24 silly audit   '@rollup/rollup-linux-ppc64-gnu': [ '4.53.3' ],
24 silly audit   '@rollup/rollup-linux-riscv64-gnu': [ '4.53.3' ],
24 silly audit   '@rollup/rollup-linux-riscv64-musl': [ '4.53.3' ],
24 silly audit   '@rollup/rollup-linux-s390x-gnu': [ '4.53.3' ],
24 silly audit   '@rollup/rollup-linux-x64-gnu': [ '4.53.3' ],
24 silly audit   '@rollup/rollup-linux-x64-musl': [ '4.53.3' ],
24 silly audit   '@rollup/rollup-openharmony-arm64': [ '4.53.3' ],
24 silly audit   '@rollup/rollup-win32-arm64-msvc': [ '4.53.3' ],
24 silly audit   '@rollup/rollup-win32-ia32-msvc': [ '4.53.3' ],
24 silly audit   '@rollup/rollup-win32-x64-gnu': [ '4.53.3' ],
24 silly audit   '@rollup/rollup-win32-x64-msvc': [ '4.53.3' ],
24 silly audit   '@tailwindcss/node': [ '4.1.17' ],
24 silly audit   '@tailwindcss/oxide': [ '4.1.17' ],
24 silly audit   '@tailwindcss/oxide-android-arm64': [ '4.1.17' ],
24 silly audit   '@tailwindcss/oxide-darwin-arm64': [ '4.1.17' ],
24 silly audit   '@tailwindcss/oxide-darwin-x64': [ '4.1.17' ],
24 silly audit   '@tailwindcss/oxide-freebsd-x64': [ '4.1.17' ],
24 silly audit   '@tailwindcss/oxide-linux-arm-gnueabihf': [ '4.1.17' ],
24 silly audit   '@tailwindcss/oxide-linux-arm64-gnu': [ '4.1.17' ],
24 silly audit   '@tailwindcss/oxide-linux-arm64-musl': [ '4.1.17' ],
24 silly audit   '@tailwindcss/oxide-linux-x64-gnu': [ '4.1.17' ],
24 silly audit   '@tailwindcss/oxide-linux-x64-musl': [ '4.1.17' ],
24 silly audit   '@tailwindcss/oxide-wasm32-wasi': [ '4.1.17' ],
24 silly audit   '@tailwindcss/oxide-win32-arm64-msvc': [ '4.1.17' ],
24 silly audit   '@tailwindcss/oxide-win32-x64-msvc': [ '4.1.17' ],
24 silly audit   '@tailwindcss/vite': [ '4.1.17' ],
24 silly audit   '@types/babel__core': [ '7.20.5' ],
24 silly audit   '@types/babel__generator': [ '7.27.0' ],
24 silly audit   '@types/babel__template': [ '7.4.4' ],
24 silly audit   '@types/babel__traverse': [ '7.28.0' ],
24 silly audit   '@types/estree': [ '1.0.8' ],
24 silly audit   '@types/json-schema': [ '7.0.15' ],
24 silly audit   '@types/node': [ '24.10.1' ],
24 silly audit   '@types/react': [ '19.2.7' ],
24 silly audit   '@types/react-dom': [ '19.2.3' ],
24 silly audit   '@typescript-eslint/eslint-plugin': [ '8.48.1' ],
24 silly audit   ignore: [ '7.0.5', '5.3.2' ],
24 silly audit   '@typescript-eslint/parser': [ '8.48.1' ],
24 silly audit   '@typescript-eslint/project-service': [ '8.48.1' ],
24 silly audit   '@typescript-eslint/scope-manager': [ '8.48.1' ],
24 silly audit   '@typescript-eslint/tsconfig-utils': [ '8.48.1' ],
24 silly audit   '@typescript-eslint/type-utils': [ '8.48.1' ],
24 silly audit   '@typescript-eslint/types': [ '8.48.1' ],
24 silly audit   '@typescript-eslint/typescript-estree': [ '8.48.1' ],
24 silly audit   'brace-expansion': [ '2.0.2', '1.1.12' ],
24 silly audit   minimatch: [ '9.0.5', '3.1.2' ],
24 silly audit   semver: [ '7.7.3', '6.3.1' ],
24 silly audit   '@typescript-eslint/utils': [ '8.48.1' ],
24 silly audit   '@typescript-eslint/visitor-keys': [ '8.48.1' ],
24 silly audit   '@vitejs/plugin-react': [ '5.1.1' ],
24 silly audit   acorn: [ '8.15.0' ],
24 silly audit   'acorn-jsx': [ '5.3.2' ],
24 silly audit   ajv: [ '6.12.6' ],
24 silly audit   'ansi-styles': [ '4.3.0' ],
24 silly audit   argparse: [ '2.0.1' ],
24 silly audit   autoprefixer: [ '10.4.22' ],
24 silly audit   'balanced-match': [ '1.0.2' ],
24 silly audit   'baseline-browser-mapping': [ '2.9.2' ],
24 silly audit   browserslist: [ '4.28.1' ],
24 silly audit   callsites: [ '3.1.0' ],
24 silly audit   'caniuse-lite': [ '1.0.30001759' ],
24 silly audit   chalk: [ '4.1.2' ],
24 silly audit   clsx: [ '2.1.1' ],
24 silly audit   'color-convert': [ '2.0.1' ],
24 silly audit   'color-name': [ '1.1.4' ],
24 silly audit   'concat-map': [ '0.0.1' ],
24 silly audit   'convert-source-map': [ '2.0.0' ],
24 silly audit   cookie: [ '1.1.1' ],
24 silly audit   'cross-spawn': [ '7.0.6' ],
24 silly audit   csstype: [ '3.2.3' ],
24 silly audit   debug: [ '4.4.3' ],
24 silly audit   'deep-is': [ '0.1.4' ],
24 silly audit   'detect-libc': [ '2.1.2' ],
24 silly audit   'electron-to-chromium': [ '1.5.264' ],
24 silly audit   'enhanced-resolve': [ '5.18.3' ],
24 silly audit   esbuild: [ '0.25.12' ],
24 silly audit   escalade: [ '3.2.0' ],
24 silly audit   'escape-string-regexp': [ '4.0.0' ],
24 silly audit   eslint: [ '9.39.1' ],
24 silly audit   'eslint-plugin-react-hooks': [ '7.0.1' ],
24 silly audit   'eslint-plugin-react-refresh': [ '0.4.24' ],
24 silly audit   'eslint-scope': [ '8.4.0' ],
24 silly audit   espree: [ '10.4.0' ],
24 silly audit   esquery: [ '1.6.0' ],
24 silly audit   esrecurse: [ '4.3.0' ],
24 silly audit   estraverse: [ '5.3.0' ],
24 silly audit   esutils: [ '2.0.3' ],
24 silly audit   'fast-deep-equal': [ '3.1.3' ],
24 silly audit   'fast-json-stable-stringify': [ '2.1.0' ],
24 silly audit   'fast-levenshtein': [ '2.0.6' ],
24 silly audit   fdir: [ '6.5.0' ],
24 silly audit   'file-entry-cache': [ '8.0.0' ],
24 silly audit   'find-up': [ '5.0.0' ],
24 silly audit   'flat-cache': [ '4.0.1' ],
24 silly audit   flatted: [ '3.3.3' ],
24 silly audit   'fraction.js': [ '5.3.4' ],
24 silly audit   fsevents: [ '2.3.3' ],
24 silly audit   gensync: [ '1.0.0-beta.2' ],
24 silly audit   'glob-parent': [ '6.0.2' ],
24 silly audit   'graceful-fs': [ '4.2.11' ],
24 silly audit   graphemer: [ '1.4.0' ],
24 silly audit   'has-flag': [ '4.0.0' ],
24 silly audit   'hermes-estree': [ '0.25.1' ],
24 silly audit   'hermes-parser': [ '0.25.1' ],
24 silly audit   'import-fresh': [ '3.3.1' ],
24 silly audit   imurmurhash: [ '0.1.4' ],
24 silly audit   'is-extglob': [ '2.1.1' ],
24 silly audit   'is-glob': [ '4.0.3' ],
24 silly audit   isexe: [ '2.0.0' ],
24 silly audit   jiti: [ '2.6.1' ],
24 silly audit   'js-tokens': [ '4.0.0' ],
24 silly audit   'js-yaml': [ '4.1.1' ],
24 silly audit   jsesc: [ '3.1.0' ],
24 silly audit   'json-buffer': [ '3.0.1' ],
24 silly audit   'json-schema-traverse': [ '0.4.1' ],
24 silly audit   'json-stable-stringify-without-jsonify': [ '1.0.1' ],
24 silly audit   json5: [ '2.2.3' ],
24 silly audit   keyv: [ '4.5.4' ],
24 silly audit   levn: [ '0.4.1' ],
24 silly audit   lightningcss: [ '1.30.2' ],
24 silly audit   'lightningcss-android-arm64': [ '1.30.2' ],
24 silly audit   'lightningcss-darwin-arm64': [ '1.30.2' ],
24 silly audit   'lightningcss-darwin-x64': [ '1.30.2' ],
24 silly audit   'lightningcss-freebsd-x64': [ '1.30.2' ],
24 silly audit   'lightningcss-linux-arm-gnueabihf': [ '1.30.2' ],
24 silly audit   'lightningcss-linux-arm64-gnu': [ '1.30.2' ],
24 silly audit   'lightningcss-linux-arm64-musl': [ '1.30.2' ],
24 silly audit   'lightningcss-linux-x64-gnu': [ '1.30.2' ],
24 silly audit   'lightningcss-linux-x64-musl': [ '1.30.2' ],
24 silly audit   'lightningcss-win32-arm64-msvc': [ '1.30.2' ],
24 silly audit   'lightningcss-win32-x64-msvc': [ '1.30.2' ],
24 silly audit   'locate-path': [ '6.0.0' ],
24 silly audit   'lodash.merge': [ '4.6.2' ],
24 silly audit   'lru-cache': [ '5.1.1' ],
24 silly audit   'magic-string': [ '0.30.21' ],
24 silly audit   ms: [ '2.1.3' ],
24 silly audit   nanoid: [ '3.3.11' ],
24 silly audit   'natural-compare': [ '1.4.0' ],
24 silly audit   'node-releases': [ '2.0.27' ],
24 silly audit   'normalize-range': [ '0.1.2' ],
24 silly audit   optionator: [ '0.9.4' ],
24 silly audit   'p-limit': [ '3.1.0' ],
24 silly audit   'p-locate': [ '5.0.0' ],
24 silly audit   'parent-module': [ '1.0.1' ],
24 silly audit   'path-exists': [ '4.0.0' ],
24 silly audit   'path-key': [ '3.1.1' ],
24 silly audit   picocolors: [ '1.1.1' ],
24 silly audit   picomatch: [ '4.0.3' ],
24 silly audit   postcss: [ '8.5.6' ],
24 silly audit   'postcss-value-parser': [ '4.2.0' ],
24 silly audit   'prelude-ls': [ '1.2.1' ],
24 silly audit   punycode: [ '2.3.1' ],
24 silly audit   react: [ '19.2.1' ],
24 silly audit   'react-dom': [ '19.2.1' ],
24 silly audit   'react-refresh': [ '0.18.0' ],
24 silly audit   'react-router': [ '7.10.1' ],
24 silly audit   'react-router-dom': [ '7.10.1' ],
24 silly audit   'react-toastify': [ '11.0.5' ],
24 silly audit   'resolve-from': [ '4.0.0' ],
24 silly audit   rollup: [ '4.53.3' ],
24 silly audit   scheduler: [ '0.27.0' ],
24 silly audit   'set-cookie-parser': [ '2.7.2' ],
24 silly audit   'shebang-command': [ '2.0.0' ],
24 silly audit   'shebang-regex': [ '3.0.0' ],
24 silly audit   'source-map-js': [ '1.2.1' ],
24 silly audit   'strip-json-comments': [ '3.1.1' ],
24 silly audit   'supports-color': [ '7.2.0' ],
24 silly audit   tailwindcss: [ '4.1.17' ],
24 silly audit   tapable: [ '2.3.0' ],
24 silly audit   tinyglobby: [ '0.2.15' ],
24 silly audit   'ts-api-utils': [ '2.1.0' ],
24 silly audit   'type-check': [ '0.4.0' ],
24 silly audit   typescript: [ '5.9.3' ],
24 silly audit   'typescript-eslint': [ '8.48.1' ],
24 silly audit   'undici-types': [ '7.16.0' ],
24 silly audit   'update-browserslist-db': [ '1.2.2' ],
24 silly audit   'uri-js': [ '4.4.1' ],
24 silly audit   vite: [ '7.2.6' ],
24 silly audit   which: [ '2.0.2' ],
24 silly audit   'word-wrap': [ '1.2.5' ],
24 silly audit   yallist: [ '3.1.1' ],
24 silly audit   'yocto-queue': [ '0.1.0' ],
24 silly audit   zod: [ '4.1.13' ],
24 silly audit   'zod-validation-error': [ '4.0.2' ],
24 silly audit   'react-icons': [ '5.5.0' ]
24 silly audit }
25 http cache react-icons@https://registry.npmjs.org/react-icons/-/react-icons-5.5.0.tgz 0ms (cache hit)
26 silly tarball no local data for react-icons@https://registry.npmjs.org/react-icons/-/react-icons-5.5.0.tgz. Extracting by manifest.
27 http fetch POST 200 https://registry.npmjs.org/-/npm/v1/security/advisories/bulk 178ms
28 silly audit report {}
29 http fetch GET 200 https://registry.npmjs.org/react-icons/-/react-icons-5.5.0.tgz 1917ms (cache miss)
30 silly ADD node_modules/react-icons
31 verbose cwd C:\Users\Juan David\TiendaVirtual\tiendaVirtual
32 verbose os Windows_NT 10.0.26200
33 verbose node v24.11.1
34 verbose npm  v11.6.2
35 verbose exit 0
36 info ok
